This is pdfTeXk, Version 3.141592-1.40.3 (Web2C 7.5.6) (format=latex 2010.5.28)  30 SEP 2010 12:15
entering extended mode
 %&-line parsing enabled.
**diagCase.tex
(./diagCase.tex
LaTeX2e <2005/12/01>
Babel <v3.8h> and hyphenation patterns for english, usenglishmax, dumylang, noh
yphenation, arabic, basque, bulgarian, coptic, welsh, czech, slovak, german, ng
erman, danish, esperanto, spanish, catalan, galician, estonian, farsi, finnish,
 french, greek, monogreek, ancientgreek, croatian, hungarian, interlingua, ibyc
us, indonesian, icelandic, italian, latin, mongolian, dutch, norsk, polish, por
tuguese, pinyin, romanian, russian, slovenian, uppersorbian, serbian, swedish, 
turkish, ukenglish, ukrainian, loaded.
(/usr/share/texmf/tex/latex/base/article.cls
Document Class: article 2005/09/16 v1.4f Standard LaTeX document class
(/usr/share/texmf/tex/latex/base/size11.clo
File: size11.clo 2005/09/16 v1.4f Standard LaTeX file (size option)
)
\c@part=\count79
\c@section=\count80
\c@subsection=\count81
\c@subsubsection=\count82
\c@paragraph=\count83
\c@subparagraph=\count84
\c@figure=\count85
\c@table=\count86
\abovecaptionskip=\skip41
\belowcaptionskip=\skip42
\bibindent=\dimen102
)
(/usr/share/texmf/tex/latex/base/fontenc.sty
Package: fontenc 2005/09/27 v1.99g Standard LaTeX package

(/usr/share/texmf/tex/latex/base/t1enc.def
File: t1enc.def 2005/09/27 v1.99g Standard LaTeX file
LaTeX Font Info:    Redeclaring font encoding T1 on input line 43.
))
(/usr/share/texmf/tex/latex/base/inputenc.sty
Package: inputenc 2006/05/05 v1.1b Input encoding file
\inpenc@prehook=\toks14
\inpenc@posthook=\toks15

(/usr/share/texmf/tex/latex/base/latin1.def
File: latin1.def 2006/05/05 v1.1b Input encoding file
)) (./pst-uml.sty
Package: pst-uml 2007/01/03 v0.83 - diam@ensta.fr

   But : Quelques macros pstricks pour diagrammes UML.
(/usr/share/texmf/tex/latex/pstricks/pstricks.sty
Package: pstricks 2010/08/28 v0.46 LaTeX wrapper for `PSTricks' (RN,HV)

(/usr/share/texmf/tex/generic/pstricks/pstricks.tex
(/usr/share/texmf/tex/latex/xkeyval/pst-xkey.tex
File: pst-xkey.tex 2005/11/25 v1.6 PSTricks specialization of xkeyval (HA)

(/usr/share/texmf/tex/latex/xkeyval/xkeyval.sty
Package: xkeyval 2008/08/13 v2.6a package option processing (HA)

(/usr/share/texmf/tex/latex/xkeyval/xkeyval.tex
\XKV@toks=\toks16
\XKV@depth=\count87
File: xkeyval.tex 2006/11/18 v2.5f key=value parser (HA)

(/usr/share/texmf/tex/latex/xkeyval/keyval.tex))))
(/usr/share/texmf/tex/generic/pstricks/pst-fp.tex
`pst-fp' v0.05, 2010/01/17 (hv)
\pstFP@xs=\count88
\pstFP@xia=\count89
\pstFP@xib=\count90
\pstFP@xfa=\count91
\pstFP@xfb=\count92
\pstFP@rega=\count93
\pstFP@regb=\count94
\pstFP@regs=\count95
\pstFP@times=\count96
)
\psLoopIndex=\count97

`PSTricks' v2.11  <2010/09/09> (tvz)
\pst@dima=\dimen103
\pst@dimb=\dimen104
\pst@dimc=\dimen105
\pst@dimd=\dimen106
\pst@dimg=\dimen107
\pst@dimh=\dimen108
\pst@dimm=\dimen109
\pst@dimn=\dimen110
\pst@dimo=\dimen111
\pst@dimp=\dimen112
\pst@hbox=\box26
\pst@boxg=\box27
\pst@cnta=\count98
\pst@cntb=\count99
\pst@cntc=\count100
\pst@cntd=\count101
\pst@cntg=\count102
\pst@cnth=\count103
\pst@cntm=\count104
\pst@cntn=\count105
\pst@cnto=\count106
\pst@cntp=\count107
\@zero=\count108
\pst@toks=\toks17
(/usr/share/texmf/tex/generic/pstricks/pstricks.con)
\psunit=\dimen113
\psxunit=\dimen114
\psyunit=\dimen115
\pslinewidth=\dimen116
\psk@startLW=\dimen117
\psk@endLW=\dimen118
\pst@customdefs=\toks18
\pslinearc=\dimen119
\pst@symbolStep=\dimen120
\pst@symbolWidth=\dimen121
\everypsbox=\toks19
\psframesep=\dimen122
\pslabelsep=\dimen123
\pst@shift=\dimen124
\theoverlaybox=\box28
)
File: pstricks.tex 2010/09/09 v2.11 `PSTricks' (tvz,hv)

(/usr/share/texmf/tex/generic/pstricks/pst-fp.tex)
File: pst-fp.tex 2010/09/09 v2.11 `PST-fp' (hv)

(/usr/share/texmf/tex/latex/xcolor/xcolor.sty
Package: xcolor 2007/01/21 v2.11 LaTeX color extensions (UK)

(/usr/share/texmf/tex/latex/config/color.cfg
File: color.cfg 2007/01/18 v1.5 color configuration of teTeX/TeXLive
)
Package xcolor Info: Driver file: dvips.def on input line 225.

(/usr/share/texmf/tex/latex/graphics/dvips.def
File: dvips.def 1999/02/16 v3.0i Driver-dependant file (DPC,SPQR)
)
Package xcolor Info: Model `cmy' substituted by `cmy0' on input line 1337.
Package xcolor Info: Model `RGB' extended on input line 1353.
Package xcolor Info: Model `HTML' substituted by `rgb' on input line 1355.
Package xcolor Info: Model `Hsb' substituted by `hsb' on input line 1356.
Package xcolor Info: Model `tHsb' substituted by `hsb' on input line 1357.
Package xcolor Info: Model `HSB' substituted by `hsb' on input line 1358.
Package xcolor Info: Model `Gray' substituted by `gray' on input line 1359.
Package xcolor Info: Model `wave' substituted by `hsb' on input line 1360.
))
(/usr/share/texmf/tex/latex/pstricks/pst-node.sty
Package: pst-node 2006/01/01 package wrapper for pst-node.tex

(/usr/share/texmf/tex/generic/pstricks/pst-node.tex  v97 patch 11, 2000/11/09
\psrow=\count109
\pscol=\count110
\psmatrixcnt=\count111
\psrowsep=\skip43
\pscolsep=\skip44
)
File: pst-node.tex 2000/11/09 97 patch 11 `pst-node' (tvz)
) (/usr/share/texmf/tex/latex/pstricks/pst-tree.sty
Package: pst-tree 2004/07/15 package wrapper for pst-tree.tex

(/usr/share/texmf/tex/generic/pstricks/pst-tree.tex  v97 patch 6, 2004/07/24
\pstree@rootbox=\box29
\pstree@box=\box30
\psnodecnt=\count112
\pstreelevel=\count113
\pstreecnt=\count114
\pstree@cnt=\count115
\pstree@stop=\count116
)
File: pst-tree.tex 2004/07/24 97 patch 6 `pst-tree' (tvz)
)
(/usr/share/texmf/tex/generic/multido/multido.sty
Package: multido 2004/05/17 package wrapper for PSTricks `multido.tex', (HV/RN)


(/usr/share/texmf/tex/generic/multido/multido.tex  v1.41, 2004/05/18 <tvz>
\multido@count=\count117
\multidocount=\count118
\multido@stuff=\toks20
)
File: multido.tex 2004/05/18 v1.41 `multido' (tvz)
)
(/usr/share/texmf/tex/latex/tools/calc.sty
Package: calc 2005/08/06 v4.2 Infix arithmetic (KKT,FJ)
\calc@Acount=\count119
\calc@Bcount=\count120
\calc@Adimen=\dimen125
\calc@Bdimen=\dimen126
\calc@Askip=\skip45
\calc@Bskip=\skip46
LaTeX Info: Redefining \setlength on input line 75.
LaTeX Info: Redefining \addtolength on input line 76.
\calc@Ccount=\count121
\calc@Cskip=\skip47
)
(/usr/share/texmf/tex/latex/base/ifthen.sty
Package: ifthen 2001/05/26 v1.1c Standard LaTeX ifthen package (DPC)
)
(/usr/share/texmf/tex/latex/graphics/graphicx.sty
Package: graphicx 1999/02/16 v1.0f Enhanced LaTeX Graphics (DPC,SPQR)

(/usr/share/texmf/tex/latex/graphics/graphics.sty
Package: graphics 2006/02/20 v1.0o Standard LaTeX Graphics (DPC,SPQR)

(/usr/share/texmf/tex/latex/graphics/trig.sty
Package: trig 1999/03/16 v1.09 sin cos tan (DPC)
)
(/usr/share/texmf/tex/latex/config/graphics.cfg
File: graphics.cfg 2007/01/18 v1.5 graphics configuration of teTeX/TeXLive
)
Package graphics Info: Driver file: dvips.def on input line 90.
)
\Gin@req@height=\dimen127
\Gin@req@width=\dimen128
)
(/usr/share/texmf/tex/latex/xkeyval/pst-xkey.sty
Package: pst-xkey 2005/11/25 v1.6 package wrapper for pst-xkey.tex (HA)
)
\c@umlint@a=\count122
\c@umlint@b=\count123
\c@umlint@c=\count124
\c@umlint@d=\count125
\umldim@a=\skip48
\umldim@b=\skip49
\umldim@c=\skip50
\umldim@d=\skip51
\umldim@D=\skip52
\umldim@H=\skip53
\umldim@W=\skip54
\umlbox@a=\box31
\umlbox@b=\box32
\umlbox@c=\box33
\umlbox@d=\box34
\umlbox@out=\box35
\c@umlDebug=\count126
\umldim@StackSep=\skip55
\umldim@StackWidth=\skip56
\umldim@ClassWidth=\skip57
\umldim@umlDoubleRuleSep=\skip58
\umldim@ActorLineWidth=\skip59
\c@umlCpt@Direction=\count127
\umldim@PosX=\skip60
\umldim@PosY=\skip61
\X=\skip62
\Y=\skip63

Package pst-uml.sty is loaded.
) (./diagCase.aux)
\openout1 = `diagCase.aux'.

LaTeX Font Info:    Checking defaults for OML/cmm/m/it on input line 12.
LaTeX Font Info:    ... okay on input line 12.
LaTeX Font Info:    Checking defaults for T1/cmr/m/n on input line 12.
LaTeX Font Info:    ... okay on input line 12.
LaTeX Font Info:    Checking defaults for OT1/cmr/m/n on input line 12.
LaTeX Font Info:    ... okay on input line 12.
LaTeX Font Info:    Checking defaults for OMS/cmsy/m/n on input line 12.
LaTeX Font Info:    ... okay on input line 12.
LaTeX Font Info:    Checking defaults for OMX/cmex/m/n on input line 12.
LaTeX Font Info:    ... okay on input line 12.
LaTeX Font Info:    Checking defaults for U/cmr/m/n on input line 12.
LaTeX Font Info:    ... okay on input line 12.
LaTeX Font Info:    External font `cmex10' loaded for size
(Font)              <10.95> on input line 85.
LaTeX Font Info:    External font `cmex10' loaded for size
(Font)              <8> on input line 85.
LaTeX Font Info:    External font `cmex10' loaded for size
(Font)              <6> on input line 85.
 [1

] (./diagCase.aux) ) 
Here is how much of TeX's memory you used:
 3706 strings out of 256217
 45363 string characters out of 1917095
 152559 words of memory out of 1500000
 6977 multiletter control sequences out of 10000+200000
 7916 words of font info for 25 fonts, out of 1200000 for 2000
 645 hyphenation exceptions out of 8191
 41i,17n,59p,258b,524s stack positions out of 5000i,500n,6000p,200000b,15000s

Output written on diagCase.dvi (1 page, 31356 bytes).
